{"name":"logInTest","status":"broken","statusDetails":{"known":false,"muted":false,"flaky":false,"message":"Expected condition failed: waiting for visibility of element located by By.className: login (tried for 10 second(s) with 50 milliseconds interval)","trace":"org.openqa.selenium.TimeoutException: Expected condition failed: waiting for visibility of element located by By.className: login (tried for 10 second(s) with 50 milliseconds interval)\r\n\tat org.openqa.selenium.support.ui.WebDriverWait.timeoutException(WebDriverWait.java:81)\r\n\tat org.openqa.selenium.support.ui.FluentWait.until(FluentWait.java:271)\r\n\tat com.hellofresh.challenge.WebTest.logInTest(WebTest.java:81)\r\n\tat sun.reflect.NativeMethodAccessorImpl.invoke0(Native Method)\r\n\tat sun.reflect.NativeMethodAccessorImpl.invoke(NativeMethodAccessorImpl.java:62)\r\n\tat sun.reflect.DelegatingMethodAccessorImpl.invoke(DelegatingMethodAccessorImpl.java:43)\r\n\tat java.lang.reflect.Method.invoke(Method.java:498)\r\n\tat org.testng.internal.MethodInvocationHelper.invokeMethod(MethodInvocationHelper.java:124)\r\n\tat org.testng.internal.Invoker.invokeMethod(Invoker.java:583)\r\n\tat org.testng.internal.Invoker.invokeTestMethod(Invoker.java:719)\r\n\tat org.testng.internal.Invoker.invokeTestMethods(Invoker.java:989)\r\n\tat org.testng.internal.TestMethodWorker.invokeTestMethods(TestMethodWorker.java:125)\r\n\tat org.testng.internal.TestMethodWorker.run(TestMethodWorker.java:109)\r\n\tat org.testng.TestRunner.privateRun(TestRunner.java:648)\r\n\tat org.testng.TestRunner.run(TestRunner.java:505)\r\n\tat org.testng.SuiteRunner.runTest(SuiteRunner.java:455)\r\n\tat org.testng.SuiteRunner.runSequentially(SuiteRunner.java:450)\r\n\tat org.testng.SuiteRunner.privateRun(SuiteRunner.java:415)\r\n\tat org.testng.SuiteRunner.run(SuiteRunner.java:364)\r\n\tat org.testng.SuiteRunnerWorker.runSuite(SuiteRunnerWorker.java:52)\r\n\tat org.testng.SuiteRunnerWorker.run(SuiteRunnerWorker.java:84)\r\n\tat org.testng.TestNG.runSuitesSequentially(TestNG.java:1208)\r\n\tat org.testng.TestNG.runSuitesLocally(TestNG.java:1137)\r\n\tat org.testng.TestNG.runSuites(TestNG.java:1049)\r\n\tat org.testng.TestNG.run(TestNG.java:1017)\r\n\tat org.apache.maven.surefire.testng.TestNGExecutor.run(TestNGExecutor.java:77)\r\n\tat org.apache.maven.surefire.testng.TestNGDirectoryTestSuite.execute(TestNGDirectoryTestSuite.java:110)\r\n\tat org.apache.maven.surefire.testng.TestNGProvider.invoke(TestNGProvider.java:106)\r\n\tat sun.reflect.NativeMethodAccessorImpl.invoke0(Native Method)\r\n\tat sun.reflect.NativeMethodAccessorImpl.invoke(NativeMethodAccessorImpl.java:62)\r\n\tat sun.reflect.DelegatingMethodAccessorImpl.invoke(DelegatingMethodAccessorImpl.java:43)\r\n\tat java.lang.reflect.Method.invoke(Method.java:498)\r\n\tat org.apache.maven.surefire.util.ReflectionUtils.invokeMethodWithArray(ReflectionUtils.java:189)\r\n\tat org.apache.maven.surefire.booter.ProviderFactory$ProviderProxy.invoke(ProviderFactory.java:165)\r\n\tat org.apache.maven.surefire.booter.ProviderFactory.invokeProvider(ProviderFactory.java:85)\r\n\tat org.apache.maven.surefire.booter.ForkedBooter.runSuitesInProcess(ForkedBooter.java:115)\r\n\tat org.apache.maven.surefire.booter.ForkedBooter.main(ForkedBooter.java:75)\r\nCaused by: org.openqa.selenium.NoSuchElementException: Cannot locate an element using By.className: login\nFor documentation on this error, please visit: http://seleniumhq.org/exceptions/no_such_element.html\nBuild info: version: '3.11.0', revision: 'e59cfb3', time: '2018-03-11T20:26:55.152Z'\nSystem info: host: 'EVT01757NB', ip: '192.168.1.37', os.name: 'Windows 10', os.arch: 'amd64', os.version: '10.0', java.version: '1.8.0_211'\nDriver info: driver.version: unknown\r\n\tat org.openqa.selenium.support.ui.ExpectedConditions.lambda$findElement$0(ExpectedConditions.java:896)\r\n\tat java.util.Optional.orElseThrow(Optional.java:290)\r\n\tat org.openqa.selenium.support.ui.ExpectedConditions.findElement(ExpectedConditions.java:895)\r\n\tat org.openqa.selenium.support.ui.ExpectedConditions.access$000(ExpectedConditions.java:44)\r\n\tat org.openqa.selenium.support.ui.ExpectedConditions$7.apply(ExpectedConditions.java:206)\r\n\tat org.openqa.selenium.support.ui.ExpectedConditions$7.apply(ExpectedConditions.java:202)\r\n\tat org.openqa.selenium.support.ui.FluentWait.until(FluentWait.java:248)\r\n\t... 35 more\r\n"},"stage":"finished","steps":[],"attachments":[],"parameters":[],"start":1578690541957,"stop":1578690551995,"uuid":"5951900d-002f-42d3-97e9-b27804aecea3","historyId":"3aa830e71ccc10bf081e8da14cc8ca28","fullName":"com.hellofresh.challenge.WebTest.logInTest","labels":[{"name":"package","value":"com.hellofresh.challenge.WebTest"},{"name":"testClass","value":"com.hellofresh.challenge.WebTest"},{"name":"testMethod","value":"logInTest"},{"name":"parentSuite","value":"com.hellofresh.challenge.WebTest"},{"name":"suite","value":"Command line test"},{"name":"subSuite","value":"com.hellofresh.challenge.WebTest"},{"name":"host","value":"EVT01757NB"},{"name":"thread","value":"8272@EVT01757NB.main(1)"},{"name":"framework","value":"testng"},{"name":"language","value":"java"}],"links":[]}