-------------------------------------------------------------------------------
Test set: com.hellofresh.challenge.WebTest
-------------------------------------------------------------------------------
Tests run: 3, Failures: 3, Errors: 0, Skipped: 0, Time elapsed: 40.347 sec <<< FAILURE!
checkoutTest(com.hellofresh.challenge.WebTest)  Time elapsed: 21.072 sec  <<< FAILURE!
org.openqa.selenium.TimeoutException: Expected condition failed: waiting for visibility of element located by By.name: processAddress (tried for 10 second(s) with 50 milliseconds interval)
	at org.openqa.selenium.support.ui.WebDriverWait.timeoutException(WebDriverWait.java:81)
	at org.openqa.selenium.support.ui.FluentWait.until(FluentWait.java:271)
	at com.hellofresh.challenge.WebTest.checkoutTest(WebTest.java:117)
Caused by: org.openqa.selenium.NoSuchElementException: Cannot locate an element using By.name: processAddress
For documentation on this error, please visit: http://seleniumhq.org/exceptions/no_such_element.html
Build info: version: '3.11.0', revision: 'e59cfb3', time: '2018-03-11T20:26:55.152Z'
System info: host: 'EVT01757NB', ip: '192.168.1.37', os.name: 'Windows 10', os.arch: 'amd64', os.version: '10.0', java.version: '1.8.0_211'
Driver info: driver.version: unknown
	at org.openqa.selenium.support.ui.ExpectedConditions.lambda$findElement$0(ExpectedConditions.java:896)
	at java.util.Optional.orElseThrow(Optional.java:290)
	at org.openqa.selenium.support.ui.ExpectedConditions.findElement(ExpectedConditions.java:895)
	at org.openqa.selenium.support.ui.ExpectedConditions.access$000(ExpectedConditions.java:44)
	at org.openqa.selenium.support.ui.ExpectedConditions$7.apply(ExpectedConditions.java:206)
	at org.openqa.selenium.support.ui.ExpectedConditions$7.apply(ExpectedConditions.java:202)
	at org.openqa.selenium.support.ui.FluentWait.until(FluentWait.java:248)
	... 35 more

logInTest(com.hellofresh.challenge.WebTest)  Time elapsed: 3.071 sec  <<< FAILURE!
java.lang.AssertionError: expected [AUTHENTICATION] but found [MY ACCOUNT]
	at org.testng.Assert.fail(Assert.java:96)
	at org.testng.Assert.failNotEquals(Assert.java:776)
	at org.testng.Assert.assertEqualsImpl(Assert.java:137)
	at org.testng.Assert.assertEquals(Assert.java:118)
	at org.testng.Assert.assertEquals(Assert.java:453)
	at org.testng.Assert.assertEquals(Assert.java:463)
	at com.hellofresh.challenge.WebTest.logInTest(WebTest.java:95)

signInTest(com.hellofresh.challenge.WebTest)  Time elapsed: 6.239 sec  <<< FAILURE!
java.lang.AssertionError: expected [MY ACCOUNT] but found [SHOPPING-CART SUMMARY
Your shopping cart contains: 1 Product]
	at org.testng.Assert.fail(Assert.java:96)
	at org.testng.Assert.failNotEquals(Assert.java:776)
	at org.testng.Assert.assertEqualsImpl(Assert.java:137)
	at org.testng.Assert.assertEquals(Assert.java:118)
	at org.testng.Assert.assertEquals(Assert.java:453)
	at org.testng.Assert.assertEquals(Assert.java:463)
	at com.hellofresh.challenge.WebTest.signInTest(WebTest.java:78)

