<?xml version="1.0" encoding="UTF-8"?>
<!-- Generated by org.testng.reporters.JUnitXMLReporter -->
<testsuite hostname="EVT01757NB" ignored="0" name="Command line test" tests="3" failures="3" timestamp="10 Oca 2020 22:55:31 GMT" time="39.49" errors="0">
  <testcase name="checkoutTest" time="21.017" classname="com.hellofresh.challenge.WebTest">
    <failure type="org.openqa.selenium.TimeoutException" message="Expected condition failed: waiting for visibility of element located by By.name: processAddress (tried for 10 second(s) with 50 milliseconds interval)">
      <![CDATA[org.openqa.selenium.TimeoutException: Expected condition failed: waiting for visibility of element located by By.name: processAddress (tried for 10 second(s) with 50 milliseconds interval)
at org.openqa.selenium.support.ui.WebDriverWait.timeoutException(WebDriverWait.java:81)
at org.openqa.selenium.support.ui.FluentWait.until(FluentWait.java:271)
at com.hellofresh.challenge.WebTest.checkoutTest(WebTest.java:117)
Caused by: org.openqa.selenium.NoSuchElementException: Cannot locate an element using By.name: processAddress
For documentation on this error, please visit: http://seleniumhq.org/exceptions/no_such_element.html
Build info: version: '3.11.0', revision: 'e59cfb3', time: '2018-03-11T20:26:55.152Z'
System info: host: 'EVT01757NB', ip: '192.168.1.37', os.name: 'Windows 10', os.arch: 'amd64', os.version: '10.0', java.version: '1.8.0_211'
Driver info: driver.version: unknown
at org.openqa.selenium.support.ui.ExpectedConditions.lambda$findElement$0(ExpectedConditions.java:896)
at java.util.Optional.orElseThrow(Optional.java:290)
at org.openqa.selenium.support.ui.ExpectedConditions.findElement(ExpectedConditions.java:895)
at org.openqa.selenium.support.ui.ExpectedConditions.access$000(ExpectedConditions.java:44)
at org.openqa.selenium.support.ui.ExpectedConditions$7.apply(ExpectedConditions.java:206)
at org.openqa.selenium.support.ui.ExpectedConditions$7.apply(ExpectedConditions.java:202)
at org.openqa.selenium.support.ui.FluentWait.until(FluentWait.java:248)
... 35 more
... Removed 34 stack frames]]>
    </failure>
  </testcase> <!-- checkoutTest -->
  <testcase name="logInTest" time="3.067" classname="com.hellofresh.challenge.WebTest">
    <failure type="java.lang.AssertionError" message="expected [AUTHENTICATION] but found [MY ACCOUNT]">
      <![CDATA[java.lang.AssertionError: expected [AUTHENTICATION] but found [MY ACCOUNT]
at com.hellofresh.challenge.WebTest.logInTest(WebTest.java:95)
... Removed 40 stack frames]]>
    </failure>
  </testcase> <!-- logInTest -->
  <testcase name="signInTest" time="6.237" classname="com.hellofresh.challenge.WebTest">
    <failure type="java.lang.AssertionError" message="expected [MY ACCOUNT] but found [SHOPPING-CART SUMMARY
Your shopping cart contains: 1 Product]">
      <![CDATA[java.lang.AssertionError: expected [MY ACCOUNT] but found [SHOPPING-CART SUMMARY
Your shopping cart contains: 1 Product]
at com.hellofresh.challenge.WebTest.signInTest(WebTest.java:78)
... Removed 40 stack frames]]>
    </failure>
  </testcase> <!-- signInTest -->
</testsuite> <!-- Command line test -->
